<?xml version="1.0"?>
<doc>
    <assembly>
        <name>test-471</name>
    </assembly>
    <members>
        <member name="T:AAttribute">
            <summary>
                <see cref="T:AAttribute" />
            </summary>
        </member>
    </members>
</doc>
